optseq2
$Id: optseq2.c,v 2.21.2.1 2011/04/21 19:50:06 greve Exp $
NoSearch  = 0
nSearch  = 1000
nKeep    = 5
PctUpdate  = 10.000000
nCB1Opt  = 0
seed     = 811983
Ntp  = 180
TR   = 2
TPreScan   = 0
PSD Window   = 0 16 2
nEvTypes = 2
EvNo    Label Duration nRepsNom
 1       face  2.000   60
 2      house  2.000   60
PctVarEvReps = 0
VarEvRepsPerCond = 0
PolyOrder = -1
tNullMax = -1
tNullMin = 0
AR1 = 0
No refractory penalty
Cost = eff
OutStem = sq
Summary File = sq.sum

Pct nSrch MinSrch Cost Eff Cb1Err VRFAvg VRFStd VRFMin VRFMax VRFRange nSince

BeginUpdateLog
 0       1     0.0   1.82477  1.82477  0.0917  29.2676  1.48256  26.843  31.3346  4.49167 607 0
 0       6     0.0   1.95268  1.95268  0.0417  31.3117  1.49636  28.3074  33.3145  5.00711 514 0
 0       6     0.0   1.95268  1.95268  0.0417  31.3117  1.49636  28.3074  33.3145  5.00711 514 0
 0       8     0.0   1.95268  1.95268  0.0417  31.3117  1.49636  28.3074  33.3145  5.00711 514 1
 0       8     0.0   1.95268  1.95268  0.0417  31.3117  1.49636  28.3074  33.3145  5.00711 514 0
 0       9     0.0   1.95268  1.95268  0.0417  31.3117  1.49636  28.3074  33.3145  5.00711 514 0
 0       9     0.0   1.9804  1.9804  0.0583  31.721  1.08303  29.7786  34.071  4.29242 467 0
 0      10     0.0   1.9804  1.9804  0.0583  31.721  1.08303  29.7786  34.071  4.29242 467 0
 0      10     0.0   1.9804  1.9804  0.0583  31.721  1.08303  29.7786  34.071  4.29242 467 0
 1      11     0.0   1.9804  1.9804  0.0583  31.721  1.08303  29.7786  34.071  4.29242 467 0
 1      11     0.0   1.9804  1.9804  0.0583  31.721  1.08303  29.7786  34.071  4.29242 467 0
 1      15     0.0   1.9804  1.9804  0.0583  31.721  1.08303  29.7786  34.071  4.29242 467 3
 1      15     0.0   1.9804  1.9804  0.0583  31.721  1.08303  29.7786  34.071  4.29242 467 0
 1      18     0.0   1.9804  1.9804  0.0583  31.721  1.08303  29.7786  34.071  4.29242 467 2
 1      18     0.0   2.01778  2.01778  0.0083  32.3032  0.802075  30.8244  33.7832  2.95878 599 0
 1      19     0.0   2.01778  2.01778  0.0083  32.3032  0.802075  30.8244  33.7832  2.95878 599 0
 1      19     0.0   2.01778  2.01778  0.0083  32.3032  0.802075  30.8244  33.7832  2.95878 599 0
 1      20     0.0   2.01778  2.01778  0.0083  32.3032  0.802075  30.8244  33.7832  2.95878 599 0
 1      20     0.0   2.01778  2.01778  0.0083  32.3032  0.802075  30.8244  33.7832  2.95878 599 0
 2      23     0.0   2.01778  2.01778  0.0083  32.3032  0.802075  30.8244  33.7832  2.95878 599 2
 2      23     0.0   2.01778  2.01778  0.0083  32.3032  0.802075  30.8244  33.7832  2.95878 599 0
 2      24     0.0   2.01778  2.01778  0.0083  32.3032  0.802075  30.8244  33.7832  2.95878 599 0
 2      24     0.0   2.01778  2.01778  0.0083  32.3032  0.802075  30.8244  33.7832  2.95878 599 0
 2      29     0.0   2.01778  2.01778  0.0083  32.3032  0.802075  30.8244  33.7832  2.95878 599 4
 2      29     0.0   2.0201  2.0201  0.0250  32.3339  0.655843  31.3971  33.5767  2.17966 365 0
 3      31     0.0   2.0201  2.0201  0.0250  32.3339  0.655843  31.3971  33.5767  2.17966 365 1
 3      31     0.0   2.0201  2.0201  0.0250  32.3339  0.655843  31.3971  33.5767  2.17966 365 0
 3      33     0.0   2.0201  2.0201  0.0250  32.3339  0.655843  31.3971  33.5767  2.17966 365 1
 3      33     0.0   2.0201  2.0201  0.0250  32.3339  0.655843  31.3971  33.5767  2.17966 365 0
 3      34     0.0   2.0201  2.0201  0.0250  32.3339  0.655843  31.3971  33.5767  2.17966 365 0
 3      34     0.0   2.0201  2.0201  0.0250  32.3339  0.655843  31.3971  33.5767  2.17966 365 0
 5      55     0.0   2.0201  2.0201  0.0250  32.3339  0.655843  31.3971  33.5767  2.17966 365 20
 5      55     0.0   2.0201  2.0201  0.0250  32.3339  0.655843  31.3971  33.5767  2.17966 365 0
 5      60     0.0   2.0201  2.0201  0.0250  32.3339  0.655843  31.3971  33.5767  2.17966 365 4
 5      60     0.0   2.0201  2.0201  0.0250  32.3339  0.655843  31.3971  33.5767  2.17966 365 0
 7      72     0.0   2.0201  2.0201  0.0250  32.3339  0.655843  31.3971  33.5767  2.17966 365 11
 7      72     0.0   2.0201  2.0201  0.0250  32.3339  0.655843  31.3971  33.5767  2.17966 365 0
 8      81     0.0   2.0201  2.0201  0.0250  32.3339  0.655843  31.3971  33.5767  2.17966 365 8
 8      81     0.0   2.0201  2.0201  0.0250  32.3339  0.655843  31.3971  33.5767  2.17966 365 0
 8      84     0.0   2.0201  2.0201  0.0250  32.3339  0.655843  31.3971  33.5767  2.17966 365 2
 8      84     0.0   2.0201  2.0201  0.0250  32.3339  0.655843  31.3971  33.5767  2.17966 365 0
 9      98     0.0   2.0201  2.0201  0.0250  32.3339  0.655843  31.3971  33.5767  2.17966 365 13
 9      98     0.0   2.07083  2.07083  0.0583  33.1448  0.631845  31.5304  33.8605  2.33008 529 0
11     110     0.0   2.07083  2.07083  0.0583  33.1448  0.631845  31.5304  33.8605  2.33008 529 12
16     162     0.0   2.07083  2.07083  0.0583  33.1448  0.631845  31.5304  33.8605  2.33008 529 63
16     162     0.0   2.07083  2.07083  0.0583  33.1448  0.631845  31.5304  33.8605  2.33008 529 0
17     179     0.0   2.07083  2.07083  0.0583  33.1448  0.631845  31.5304  33.8605  2.33008 529 16
17     179     0.0   2.07083  2.07083  0.0583  33.1448  0.631845  31.5304  33.8605  2.33008 529 0
22     220     0.0   2.07083  2.07083  0.0583  33.1448  0.631845  31.5304  33.8605  2.33008 529 41
33     330     0.0   2.07083  2.07083  0.0583  33.1448  0.631845  31.5304  33.8605  2.33008 529 151
33     332     0.0   2.07083  2.07083  0.0583  33.1448  0.631845  31.5304  33.8605  2.33008 529 152
33     332     0.0   2.07083  2.07083  0.0583  33.1448  0.631845  31.5304  33.8605  2.33008 529 0
33     339     0.0   2.07083  2.07083  0.0583  33.1448  0.631845  31.5304  33.8605  2.33008 529 6
33     339     0.0   2.07083  2.07083  0.0583  33.1448  0.631845  31.5304  33.8605  2.33008 529 0
42     428     0.0   2.07083  2.07083  0.0583  33.1448  0.631845  31.5304  33.8605  2.33008 529 88
42     428     0.0   2.07083  2.07083  0.0583  33.1448  0.631845  31.5304  33.8605  2.33008 529 0
44     440     0.0   2.07083  2.07083  0.0583  33.1448  0.631845  31.5304  33.8605  2.33008 529 12
55     550     0.0   2.07083  2.07083  0.0583  33.1448  0.631845  31.5304  33.8605  2.33008 529 122
66     660     0.0   2.07083  2.07083  0.0583  33.1448  0.631845  31.5304  33.8605  2.33008 529 232
66     665     0.0   2.07083  2.07083  0.0583  33.1448  0.631845  31.5304  33.8605  2.33008 529 236
66     665     0.0   2.07083  2.07083  0.0583  33.1448  0.631845  31.5304  33.8605  2.33008 529 0
75     757     0.0   2.07083  2.07083  0.0583  33.1448  0.631845  31.5304  33.8605  2.33008 529 91
75     757     0.0   2.07083  2.07083  0.0583  33.1448  0.631845  31.5304  33.8605  2.33008 529 0
77     770     0.0   2.07083  2.07083  0.0583  33.1448  0.631845  31.5304  33.8605  2.33008 529 13
88     880     0.0   2.07083  2.07083  0.0583  33.1448  0.631845  31.5304  33.8605  2.33008 529 123
99     990     0.0   2.07083  2.07083  0.0583  33.1448  0.631845  31.5304  33.8605  2.33008 529 233
100    1000     0.0   2.07083  2.07083  0.0583  33.1448  0.631845  31.5304  33.8605  2.33008 529 243
EndUpdateLog

Done
